2018-08-26T06:09:42.0620125+05:30 0HLGACEQL9ETA:00000001 [ERR] An unhandled exception has occurred while executing the request. (48a46595)
System.Net.WebSockets.WebSocketException (0x80004005): The WebSocket is in an invalid state ('Aborted') for this operation. Valid states are: 'Open, CloseReceived'
   at System.Net.WebSockets.WebSocketValidate.ThrowIfInvalidState(WebSocketState currentState, Boolean isDisposed, WebSocketState[] validStates)
   at System.Net.WebSockets.ManagedWebSocket.CloseOutputAsync(WebSocketCloseStatus closeStatus, String statusDescription, CancellationToken cancellationToken)
--- End of stack trace from previous location where exception was thrown ---
   at Microsoft.AspNetCore.SpaServices.Extensions.Proxy.SpaProxy.PumpWebSocket(WebSocket source, WebSocket destination, Int32 bufferSize, CancellationToken cancellationToken)
   at Microsoft.AspNetCore.SpaServices.Extensions.Proxy.SpaProxy.AcceptProxyWebSocketRequest(HttpContext context, Uri destinationUri, CancellationToken cancellationToken)
   at Microsoft.AspNetCore.SpaServices.Extensions.Proxy.SpaProxy.PerformProxyRequest(HttpContext context, HttpClient httpClient, Task`1 baseUriTask, CancellationToken applicationStoppingToken, Boolean proxy404s)
   at Microsoft.AspNetCore.Builder.SpaProxyingExtensions.<>c__DisplayClass2_0.<<UseProxyToSpaDevelopmentServer>b__0>d.MoveNext()
--- End of stack trace from previous location where exception was thrown ---
   at Microsoft.AspNetCore.Builder.RouterMiddleware.Invoke(HttpContext httpContext)
   at Microsoft.AspNetCore.StaticFiles.StaticFileMiddleware.Invoke(HttpContext context)
   at Swashbuckle.AspNetCore.SwaggerUI.SwaggerUIIndexMiddleware.Invoke(HttpContext httpContext)
   at Swashbuckle.AspNetCore.Swagger.SwaggerMiddleware.Invoke(HttpContext httpContext)
   at Microsoft.AspNetCore.Authentication.AuthenticationMiddleware.Invoke(HttpContext context)
   at Microsoft.AspNetCore.StaticFiles.StaticFileMiddleware.Invoke(HttpContext context)
   at Microsoft.AspNetCore.Cors.Infrastructure.CorsMiddleware.Invoke(HttpContext context)
   at Microsoft.AspNetCore.Diagnostics.DeveloperExceptionPageMiddleware.Invoke(HttpContext context)
   at Microsoft.AspNetCore.Diagnostics.DeveloperExceptionPageMiddleware.Invoke(HttpContext context)
   at Microsoft.AspNetCore.Server.Kestrel.Core.Internal.Http.HttpProtocol.ProcessRequests[TContext](IHttpApplication`1 application)
2018-08-26T06:09:42.0988432+05:30 0HLGACEQL9ETA:00000001 [ERR] Connection id ""0HLGACEQL9ETA"", Request id ""0HLGACEQL9ETA:00000001"": An unhandled exception was thrown by the application. (560e7d32)
System.Net.WebSockets.WebSocketException (0x80004005): The WebSocket is in an invalid state ('Aborted') for this operation. Valid states are: 'Open, CloseReceived'
   at System.Net.WebSockets.WebSocketValidate.ThrowIfInvalidState(WebSocketState currentState, Boolean isDisposed, WebSocketState[] validStates)
   at System.Net.WebSockets.ManagedWebSocket.CloseOutputAsync(WebSocketCloseStatus closeStatus, String statusDescription, CancellationToken cancellationToken)
--- End of stack trace from previous location where exception was thrown ---
   at Microsoft.AspNetCore.SpaServices.Extensions.Proxy.SpaProxy.PumpWebSocket(WebSocket source, WebSocket destination, Int32 bufferSize, CancellationToken cancellationToken)
   at Microsoft.AspNetCore.SpaServices.Extensions.Proxy.SpaProxy.AcceptProxyWebSocketRequest(HttpContext context, Uri destinationUri, CancellationToken cancellationToken)
   at Microsoft.AspNetCore.SpaServices.Extensions.Proxy.SpaProxy.PerformProxyRequest(HttpContext context, HttpClient httpClient, Task`1 baseUriTask, CancellationToken applicationStoppingToken, Boolean proxy404s)
   at Microsoft.AspNetCore.Builder.SpaProxyingExtensions.<>c__DisplayClass2_0.<<UseProxyToSpaDevelopmentServer>b__0>d.MoveNext()
--- End of stack trace from previous location where exception was thrown ---
   at Microsoft.AspNetCore.Builder.RouterMiddleware.Invoke(HttpContext httpContext)
   at Microsoft.AspNetCore.StaticFiles.StaticFileMiddleware.Invoke(HttpContext context)
   at Swashbuckle.AspNetCore.SwaggerUI.SwaggerUIIndexMiddleware.Invoke(HttpContext httpContext)
   at Swashbuckle.AspNetCore.Swagger.SwaggerMiddleware.Invoke(HttpContext httpContext)
   at Microsoft.AspNetCore.Authentication.AuthenticationMiddleware.Invoke(HttpContext context)
   at Microsoft.AspNetCore.StaticFiles.StaticFileMiddleware.Invoke(HttpContext context)
   at Microsoft.AspNetCore.Cors.Infrastructure.CorsMiddleware.Invoke(HttpContext context)
   at Microsoft.AspNetCore.Diagnostics.DeveloperExceptionPageMiddleware.Invoke(HttpContext context)
   at Microsoft.AspNetCore.Diagnostics.DeveloperExceptionPageMiddleware.Invoke(HttpContext context)
   at Microsoft.AspNetCore.Server.Kestrel.Core.Internal.Http.HttpProtocol.ProcessRequests[TContext](IHttpApplication`1 application)
